<?xml version="1.0" encoding="UTF-8"?>
<testng-results ignored="0" total="3" passed="3" failed="0" skipped="0">
  <reporter-output>
  </reporter-output>
  <suite started-at="2023-02-14T12:09:26 WIB" name="Surefire suite" finished-at="2023-02-14T12:09:33 WIB" duration-ms="7598">
    <groups>
    </groups>
    <test started-at="2023-02-14T12:09:26 WIB" name="Surefire test" finished-at="2023-02-14T12:09:33 WIB" duration-ms="7598">
      <class name="AUTngTest">
        <test-method is-config="true" signature="setUp()[pri:0, instance:AUTngTest@7fe8ea47]" started-at="2023-02-14T12:09:26 WIB" name="setUp" finished-at="2023-02-14T12:09:28 WIB" duration-ms="2342" status="PASS">
          <reporter-output>
          </reporter-output>
        </test-method> <!-- setUp -->
        <test-method signature="testCase1()[pri:0, instance:AUTngTest@7fe8ea47]" started-at="2023-02-14T12:09:28 WIB" name="testCase1" finished-at="2023-02-14T12:09:32 WIB" duration-ms="4164" status="PASS">
          <reporter-output>
          </reporter-output>
        </test-method> <!-- testCase1 -->
        <test-method signature="testCase2()[pri:0, instance:AUTngTest@7fe8ea47]" started-at="2023-02-14T12:09:32 WIB" name="testCase2" finished-at="2023-02-14T12:09:33 WIB" duration-ms="597" status="PASS">
          <reporter-output>
          </reporter-output>
        </test-method> <!-- testCase2 -->
        <test-method signature="testCase3()[pri:0, instance:AUTngTest@7fe8ea47]" started-at="2023-02-14T12:09:33 WIB" name="testCase3" finished-at="2023-02-14T12:09:33 WIB" duration-ms="369" status="PASS">
          <reporter-output>
          </reporter-output>
        </test-method> <!-- testCase3 -->
        <test-method is-config="true" signature="tearDown()[pri:0, instance:AUTngTest@7fe8ea47]" started-at="2023-02-14T12:09:33 WIB" name="tearDown" finished-at="2023-02-14T12:09:33 WIB" duration-ms="102" status="PASS">
          <reporter-output>
          </reporter-output>
        </test-method> <!-- tearDown -->
      </class> <!-- AUTngTest -->
    </test> <!-- Surefire test -->
  </suite> <!-- Surefire suite -->
</testng-results>
