<?xml version="1.0" encoding="UTF-8"?>
<testng-results ignored="0" total="3" passed="3" failed="0" skipped="0">
  <reporter-output>
  </reporter-output>
  <suite started-at="2023-02-14T10:23:25 WIB" name="TestSuite1" finished-at="2023-02-14T10:23:28 WIB" duration-ms="3022">
    <groups>
    </groups>
    <test started-at="2023-02-14T10:23:25 WIB" name="AUTng Test" finished-at="2023-02-14T10:23:28 WIB" duration-ms="3022">
      <class name="AUTngTest">
        <test-method is-config="true" signature="setUp()[pri:0, instance:AUTngTest@10e41621]" started-at="2023-02-14T10:23:25 WIB" name="setUp" finished-at="2023-02-14T10:23:27 WIB" duration-ms="2018" status="PASS">
          <reporter-output>
          </reporter-output>
        </test-method> <!-- setUp -->
        <test-method signature="testCase1()[pri:0, instance:AUTngTest@10e41621]" started-at="2023-02-14T10:23:28 WIB" name="testCase1" finished-at="2023-02-14T10:23:28 WIB" duration-ms="515" status="PASS">
          <reporter-output>
          </reporter-output>
        </test-method> <!-- testCase1 -->
        <test-method signature="testCase2()[pri:0, instance:AUTngTest@10e41621]" started-at="2023-02-14T10:23:28 WIB" name="testCase2" finished-at="2023-02-14T10:23:28 WIB" duration-ms="232" status="PASS">
          <reporter-output>
          </reporter-output>
        </test-method> <!-- testCase2 -->
        <test-method signature="testCase3()[pri:0, instance:AUTngTest@10e41621]" started-at="2023-02-14T10:23:28 WIB" name="testCase3" finished-at="2023-02-14T10:23:28 WIB" duration-ms="137" status="PASS">
          <reporter-output>
          </reporter-output>
        </test-method> <!-- testCase3 -->
        <test-method is-config="true" signature="tearDown()[pri:0, instance:AUTngTest@10e41621]" started-at="2023-02-14T10:23:28 WIB" name="tearDown" finished-at="2023-02-14T10:23:28 WIB" duration-ms="96" status="PASS">
          <reporter-output>
          </reporter-output>
        </test-method> <!-- tearDown -->
      </class> <!-- AUTngTest -->
    </test> <!-- AUTng Test -->
  </suite> <!-- TestSuite1 -->
</testng-results>
